2020-07-22 12:58:27,543 100. One of the parameters specified was missing or invalid: keyboard contains incorrect JSON. request_params = {'method': 'messages.send', 'oauth': '1', 'v': '5.87', 'peer_id': '442721809', 'keyboard': 'type,text', 'random_id': '36551'}
2020-07-22 13:00:47,450 911. Keyboard format is invalid: buttons property should be array. request_params = {'method': 'messages.send', 'oauth': '1', 'v': '5.87', 'peer_id': '442721809', 'keyboard': '{"type": "show_snackbar", "text": "kek"}', 'random_id': '3580'}
2020-07-22 13:04:05,426 911. Keyboard format is invalid: buttons property should be array. request_params = {'method': 'messages.send', 'oauth': '1', 'v': '5.120', 'peer_id': '442721809', 'keyboard': '{"type": "show_snackbar", "text": "kek"}', 'random_id': '61631'}
2020-07-22 13:04:44,058 911. Keyboard format is invalid: buttons property should be array. request_params = {'method': 'messages.send', 'oauth': '1', 'v': '5.120', 'peer_id': '442721809', 'keyboard': '{"type": "show_snackbar", "text": "kek"}', 'random_id': '84965'}
2020-07-22 13:06:44,999 911. Keyboard format is invalid: buttons property should be array. request_params = {'method': 'messages.send', 'oauth': '1', 'v': '5.120', 'peer_id': '442721809', 'keyboard': '{"type": "show_snackbar", "text": "kek"}', 'random_id': '66656', 'event_data': '{"type": "show_snackbar", "text": "kek"}'}
2020-07-22 13:07:19,629 100. One of the parameters specified was missing or invalid: keyboard contains incorrect JSON. request_params = {'method': 'messages.send', 'oauth': '1', 'v': '5.120', 'peer_id': '442721809', 'keyboard': 'one_time,buttons', 'random_id': '95996', 'event_data': '{"type": "show_snackbar", "text": "kek"}'}
2020-07-22 13:14:50,073 100. One of the parameters specified was missing or invalid: invalid event_id. request_params = {'method': 'messages.sendMessageEventAnswer', 'oauth': '1', 'v': '5.120', 'event_id': '123', 'user_id': '442721809', 'peer_id': '442721809', 'event_data': '{"type": "show_snackbar", "text": "kek"}'}
2020-07-22 13:16:41,722 100. One of the parameters specified was missing or invalid: invalid event_id. request_params = {'method': 'messages.sendMessageEventAnswer', 'oauth': '1', 'v': '5.120', 'event_id': '3a341c96b051d5f5809d1116787c5bdee3514fa3', 'user_id': '442721809', 'peer_id': '442721809', 'event_data': '{"type": "show_snackbar", "text": "kek"}'}
2020-07-22 13:19:35,938 100. One of the parameters specified was missing or invalid: invalid event_id. request_params = {'method': 'messages.sendMessageEventAnswer', 'oauth': '1', 'v': '5.120', 'event_id': '6176e088bd4fa999314292568215a92d8d5e712e', 'user_id': '442721809', 'peer_id': '442721809', 'event_data': '{"type": "show_snackbar", "text": "kek"}'}
2020-07-22 14:35:10,030 100. One of the parameters specified was missing or invalid: keyboard contains incorrect JSON. request_params = {'method': 'messages.send', 'oauth': '1', 'v': '5.120', 'peer_id': '442721809', 'keyboard': 'one_time,buttons', 'random_id': '72678'}
2020-07-22 15:09:40,600 [911] Keyboard format is invalid: button [3][0] has invalid payload
2020-07-22 15:11:51,722 [911] Keyboard format is invalid: row 4 contains too much columns
2020-07-22 16:00:39,920 [911] Keyboard format is invalid: button [1][0] has invalid payload
2020-07-22 16:21:26,723 [911] Keyboard format is invalid: button [3][0] has invalid payload
2020-07-22 16:25:23,290 [911] Keyboard format is invalid: button [3][0] has invalid payload
2020-07-28 12:43:03,545 [911] Keyboard format is invalid: button [0][0] label should be not more than 40 letters length
2020-07-28 12:44:45,426 [911] Keyboard format is invalid: row 0 contains too much columns
2020-07-28 13:12:28,480 [911] Keyboard format is invalid: one_time field is not available for inline keyboard
2020-07-28 13:37:18,237 [100] One of the parameters specified was missing or invalid: keyboard contains incorrect JSON
2020-07-28 13:50:34,586 [911] Keyboard format is invalid: row 2 contains too much columns
2020-07-28 15:01:06,587 [911] Keyboard format is invalid: one_time field is not available for inline keyboard
2020-07-28 15:24:11,437 [911] Keyboard format is invalid: one_time field is not available for inline keyboard
2020-07-29 14:41:31,191 [911] Keyboard format is invalid: button [2][0] label should be not more than 40 letters length
